        -:    0:Source:brick_game/tetris/singleton.c
        -:    1:#include "singleton.h"
        -:    2:
        -:    3:#include <stdlib.h>
        -:    4:
        -:    5:static Singleton *instance = NULL;
        -:    6:
      119:    7:Singleton *get_instance() {
      119:    8:  if (instance == NULL) {
       16:    9:    instance = (Singleton *)malloc(sizeof(Singleton));
       16:   10:    instance->game = (GameInfo_t){0};
       16:   11:    instance->state = START;
       16:   12:    instance->current_piece = (Piece){0};
       16:   13:    instance->action = 7;
       16:   14:    instance->shape_curr = -1;
       16:   15:    instance->test = 0;
        -:   16:  }
      119:   17:  return instance;
        -:   18:}
        3:   19:void free_singleton() {
        3:   20:  if (instance != NULL) {
        3:   21:    free(instance);
        3:   22:    instance = NULL;
        -:   23:  }
        3:   24:}
